F:\Projects\grimm_source\d3xp/ReleaseDLL\game-d3xp.dll.intermediate.manifest
F:\PROJECTS\GRIMM_SOURCE\D3XP\RELEASEDLL\ACTOR.OBJ
F:\PROJECTS\GRIMM_SOURCE\D3XP\RELEASEDLL\AF.OBJ
F:\PROJECTS\GRIMM_SOURCE\D3XP\RELEASEDLL\AFENTITY.OBJ
F:\PROJECTS\GRIMM_SOURCE\D3XP\RELEASEDLL\AI.OBJ
F:\PROJECTS\GRIMM_SOURCE\D3XP\RELEASEDLL\AI_EVENTS.OBJ
F:\PROJECTS\GRIMM_SOURCE\D3XP\RELEASEDLL\AI_PATHING.OBJ
F:\PROJECTS\GRIMM_SOURCE\D3XP\RELEASEDLL\AI_VAGARY.OBJ
F:\PROJECTS\GRIMM_SOURCE\D3XP\RELEASEDLL\ANIM.OBJ
F:\PROJECTS\GRIMM_SOURCE\D3XP\RELEASEDLL\ANIM_BLEND.OBJ
F:\PROJECTS\GRIMM_SOURCE\D3XP\RELEASEDLL\ANIM_IMPORT.OBJ
F:\PROJECTS\GRIMM_SOURCE\D3XP\RELEASEDLL\ANIM_TESTMODEL.OBJ
F:\PROJECTS\GRIMM_SOURCE\D3XP\RELEASEDLL\BRITTLEFRACTURE.OBJ
F:\PROJECTS\GRIMM_SOURCE\D3XP\RELEASEDLL\CAMERA.OBJ
F:\Projects\grimm_source\d3xp\ReleaseDLL\cl.command.1.tlog
F:\Projects\grimm_source\d3xp\ReleaseDLL\CL.read.1.tlog
F:\Projects\grimm_source\d3xp\ReleaseDLL\CL.write.1.tlog
F:\PROJECTS\GRIMM_SOURCE\D3XP\RELEASEDLL\CLASS.OBJ
F:\PROJECTS\GRIMM_SOURCE\D3XP\RELEASEDLL\CLIP.OBJ
F:\PROJECTS\GRIMM_SOURCE\D3XP\RELEASEDLL\D3XP_GAME.MAP
F:\PROJECTS\GRIMM_SOURCE\D3XP\RELEASEDLL\D3XP_GAME.PDB
F:\PROJECTS\GRIMM_SOURCE\D3XP\RELEASEDLL\DEBUGGRAPH.OBJ
F:\PROJECTS\GRIMM_SOURCE\D3XP\RELEASEDLL\ENTITY.OBJ
F:\PROJECTS\GRIMM_SOURCE\D3XP\RELEASEDLL\EVENT.OBJ
F:\PROJECTS\GRIMM_SOURCE\D3XP\RELEASEDLL\FORCE.OBJ
F:\PROJECTS\GRIMM_SOURCE\D3XP\RELEASEDLL\FORCE_CONSTANT.OBJ
F:\PROJECTS\GRIMM_SOURCE\D3XP\RELEASEDLL\FORCE_DRAG.OBJ
F:\PROJECTS\GRIMM_SOURCE\D3XP\RELEASEDLL\FORCE_FIELD.OBJ
F:\PROJECTS\GRIMM_SOURCE\D3XP\RELEASEDLL\FORCE_GRAB.OBJ
F:\PROJECTS\GRIMM_SOURCE\D3XP\RELEASEDLL\FORCE_SPRING.OBJ
F:\PROJECTS\GRIMM_SOURCE\D3XP\RELEASEDLL\FX.OBJ
F:\PROJECTS\GRIMM_SOURCE\D3XP\RELEASEDLL\GAME.PCH
F:\PROJECTS\GRIMM_SOURCE\D3XP\RELEASEDLL\GAME_LOCAL.OBJ
F:\PROJECTS\GRIMM_SOURCE\D3XP\RELEASEDLL\GAME_NETWORK.OBJ
F:\PROJECTS\GRIMM_SOURCE\D3XP\RELEASEDLL\GAME-D3XP.DLL.INTERMEDIATE.MANIFEST
F:\Projects\grimm_source\d3xp\ReleaseDLL\game-d3xp.exp
F:\Projects\grimm_source\d3xp\ReleaseDLL\game-d3xp.lib
F:\Projects\grimm_source\d3xp\ReleaseDLL\game-d3xp.vcxprojResolveAssemblyReference.cache
F:\Projects\grimm_source\d3xp\ReleaseDLL\game-d3xp.write.1.tlog
F:\PROJECTS\GRIMM_SOURCE\D3XP\RELEASEDLL\GAMEEDIT.OBJ
F:\PROJECTS\GRIMM_SOURCE\D3XP\RELEASEDLL\GRABBER.OBJ
F:\PROJECTS\GRIMM_SOURCE\D3XP\RELEASEDLL\IK.OBJ
F:\PROJECTS\GRIMM_SOURCE\D3XP\RELEASEDLL\ITEM.OBJ
F:\PROJECTS\GRIMM_SOURCE\D3XP\RELEASEDLL\LIGHT.OBJ
F:\Projects\grimm_source\d3xp\ReleaseDLL\link.command.1.tlog
F:\Projects\grimm_source\d3xp\ReleaseDLL\link.read.1.tlog
F:\Projects\grimm_source\d3xp\ReleaseDLL\link.write.1.tlog
F:\PROJECTS\GRIMM_SOURCE\D3XP\RELEASEDLL\MISC.OBJ
F:\PROJECTS\GRIMM_SOURCE\D3XP\RELEASEDLL\MOVEABLE.OBJ
F:\PROJECTS\GRIMM_SOURCE\D3XP\RELEASEDLL\MOVER.OBJ
F:\Projects\grimm_source\d3xp\ReleaseDLL\mt.command.1.tlog
F:\Projects\grimm_source\d3xp\ReleaseDLL\mt.read.1.tlog
F:\Projects\grimm_source\d3xp\ReleaseDLL\mt.write.1.tlog
F:\PROJECTS\GRIMM_SOURCE\D3XP\RELEASEDLL\MULTIPLAYERGAME.OBJ
F:\PROJECTS\GRIMM_SOURCE\D3XP\RELEASEDLL\PHYSICS.OBJ
F:\PROJECTS\GRIMM_SOURCE\D3XP\RELEASEDLL\PHYSICS_ACTOR.OBJ
F:\PROJECTS\GRIMM_SOURCE\D3XP\RELEASEDLL\PHYSICS_AF.OBJ
F:\PROJECTS\GRIMM_SOURCE\D3XP\RELEASEDLL\PHYSICS_BASE.OBJ
F:\PROJECTS\GRIMM_SOURCE\D3XP\RELEASEDLL\PHYSICS_MONSTER.OBJ
F:\PROJECTS\GRIMM_SOURCE\D3XP\RELEASEDLL\PHYSICS_PARAMETRIC.OBJ
F:\PROJECTS\GRIMM_SOURCE\D3XP\RELEASEDLL\PHYSICS_PLAYER.OBJ
F:\PROJECTS\GRIMM_SOURCE\D3XP\RELEASEDLL\PHYSICS_RIGIDBODY.OBJ
F:\PROJECTS\GRIMM_SOURCE\D3XP\RELEASEDLL\PHYSICS_STATIC.OBJ
F:\PROJECTS\GRIMM_SOURCE\D3XP\RELEASEDLL\PHYSICS_STATICMULTI.OBJ
F:\PROJECTS\GRIMM_SOURCE\D3XP\RELEASEDLL\PLAYER.OBJ
F:\PROJECTS\GRIMM_SOURCE\D3XP\RELEASEDLL\PLAYERICON.OBJ
F:\PROJECTS\GRIMM_SOURCE\D3XP\RELEASEDLL\PLAYERVIEW.OBJ
F:\PROJECTS\GRIMM_SOURCE\D3XP\RELEASEDLL\PRECOMPILED.OBJ
F:\PROJECTS\GRIMM_SOURCE\D3XP\RELEASEDLL\PROJECTILE.OBJ
F:\PROJECTS\GRIMM_SOURCE\D3XP\RELEASEDLL\PUSH.OBJ
F:\PROJECTS\GRIMM_SOURCE\D3XP\RELEASEDLL\PVS.OBJ
F:\PROJECTS\GRIMM_SOURCE\D3XP\RELEASEDLL\SAVEGAME.OBJ
F:\PROJECTS\GRIMM_SOURCE\D3XP\RELEASEDLL\SCRIPT_COMPILER.OBJ
F:\PROJECTS\GRIMM_SOURCE\D3XP\RELEASEDLL\SCRIPT_INTERPRETER.OBJ
F:\PROJECTS\GRIMM_SOURCE\D3XP\RELEASEDLL\SCRIPT_PROGRAM.OBJ
F:\PROJECTS\GRIMM_SOURCE\D3XP\RELEASEDLL\SCRIPT_THREAD.OBJ
F:\PROJECTS\GRIMM_SOURCE\D3XP\RELEASEDLL\SECURITYCAMERA.OBJ
F:\PROJECTS\GRIMM_SOURCE\D3XP\RELEASEDLL\SMOKEPARTICLES.OBJ
F:\PROJECTS\GRIMM_SOURCE\D3XP\RELEASEDLL\SOUND.OBJ
F:\PROJECTS\GRIMM_SOURCE\D3XP\RELEASEDLL\SYSCMDS.OBJ
F:\PROJECTS\GRIMM_SOURCE\D3XP\RELEASEDLL\SYSCVAR.OBJ
F:\PROJECTS\GRIMM_SOURCE\D3XP\RELEASEDLL\TARGET.OBJ
F:\PROJECTS\GRIMM_SOURCE\D3XP\RELEASEDLL\TRIGGER.OBJ
F:\PROJECTS\GRIMM_SOURCE\D3XP\RELEASEDLL\TYPEINFO.OBJ
F:\PROJECTS\GRIMM_SOURCE\D3XP\RELEASEDLL\VC100.PDB
F:\PROJECTS\GRIMM_SOURCE\D3XP\RELEASEDLL\WEAPON.OBJ
F:\PROJECTS\GRIMM_SOURCE\D3XP\RELEASEDLL\WORLDSPAWN.OBJ
F:\PROJECTS\GRIMM_SOURCE\D3XP\RELEASEDLL\AAS.OBJ
F:\PROJECTS\GRIMM_SOURCE\D3XP\RELEASEDLL\AAS_DEBUG.OBJ
F:\PROJECTS\GRIMM_SOURCE\D3XP\RELEASEDLL\AAS_PATHING.OBJ
F:\PROJECTS\GRIMM_SOURCE\D3XP\RELEASEDLL\AAS_ROUTING.OBJ
F:\PROJECTS\GRIMM_SOURCE\RELEASEDLLD3XP\GAMEX86.DLL
